<?xml version="1.0" encoding="UTF-8"?>
<!-- Generated by org.testng.reporters.JUnitReportReporter -->
<testsuite hostname="Pankaj-Singh" name="Jenkins.Test.NewTest" tests="1" failures="0" timestamp="1 Nov 2022 13:09:54 GMT" time="0.007" errors="0">
  <testcase name="f" time="0.007" classname="Jenkins.Test.NewTest"/>
</testsuite> <!-- Jenkins.Test.NewTest -->
